[debug] [2022-10-17T13:42:15.752Z] ----------------------------------------------------------------------
[debug] [2022-10-17T13:42:15.754Z] Command:       C:\Program Files\nodejs\node.exe C:\Users\Jiya\AppData\Roaming\npm\node_modules\firebase-tools\lib\bin\firebase.js init
[debug] [2022-10-17T13:42:15.755Z] CLI Version:   11.14.4
[debug] [2022-10-17T13:42:15.755Z] Platform:      win32
[debug] [2022-10-17T13:42:15.755Z] Node Version:  v16.17.0
[debug] [2022-10-17T13:42:15.775Z] Time:          Mon Oct 17 2022 19:12:15 GMT+0530 (India Standard Time)
[debug] [2022-10-17T13:42:15.776Z] ----------------------------------------------------------------------
[debug] 
[debug] [2022-10-17T13:42:15.784Z] >>> [apiv2][query] GET https://firebase-public.firebaseio.com/cli.json [none]
[debug] [2022-10-17T13:42:15.860Z] > command requires scopes: ["email","openid","https://www.googleapis.com/auth/cloudplatformprojects.readonly","https://www.googleapis.com/auth/firebase","https://www.googleapis.com/auth/cloud-platform"]
[debug] [2022-10-17T13:42:15.860Z] > authorizing via signed-in user (jiyarora.42@gmail.com)
[info] 
     ######## #### ########  ######## ########     ###     ######  ########
     ##        ##  ##     ## ##       ##     ##  ##   ##  ##       ##
     ######    ##  ########  ######   ########  #########  ######  ######
     ##        ##  ##    ##  ##       ##     ## ##     ##       ## ##
     ##       #### ##     ## ######## ########  ##     ##  ######  ########

You're about to initialize a Firebase project in this directory:

  C:\Users\Jiya\Desktop\MERN\reactproject\register-app

[debug] [2022-10-17T13:42:16.609Z] <<< [apiv2][status] GET https://firebase-public.firebaseio.com/cli.json 200
[debug] [2022-10-17T13:42:16.609Z] <<< [apiv2][body] GET https://firebase-public.firebaseio.com/cli.json {"cloudBuildErrorAfter":1594252800000,"cloudBuildWarnAfter":1590019200000,"defaultNode10After":1594252800000,"minVersion":"3.0.5","node8DeploysDisabledAfter":1613390400000,"node8RuntimeDisabledAfter":1615809600000,"node8WarnAfter":1600128000000}
[info] 
=== Project Setup
[info] 
[info] First, let's associate this project directory with a Firebase project.
[info] You can create multiple project aliases by running firebase use --add, 
[info] but for now we'll just set up a default project.
[info] 
[debug] [2022-10-17T13:42:26.836Z] > refreshing access token with scopes: []
[debug] [2022-10-17T13:42:26.838Z] >>> [apiv2][query] POST https://www.googleapis.com/oauth2/v3/token [none]
[debug] [2022-10-17T13:42:26.838Z] >>> [apiv2][body] POST https://www.googleapis.com/oauth2/v3/token [omitted]
[debug] [2022-10-17T13:42:28.165Z] <<< [apiv2][status] POST https://www.googleapis.com/oauth2/v3/token 200
[debug] [2022-10-17T13:42:28.165Z] <<< [apiv2][body] POST https://www.googleapis.com/oauth2/v3/token [omitted]
[debug] [2022-10-17T13:42:28.179Z] >>> [apiv2][query] GET https://firebase.googleapis.com/v1beta1/projects pageSize=100
[debug] [2022-10-17T13:42:30.032Z] <<< [apiv2][status] GET https://firebase.googleapis.com/v1beta1/projects 200
[debug] [2022-10-17T13:42:30.032Z] <<< [apiv2][body] GET https://firebase.googleapis.com/v1beta1/projects [omitted]
[info] i  Using project react-form-5ad07 (React-Form) 
[info] 
=== Hosting Setup
[info] 
[info] Your public directory is the folder (relative to your project directory) that
[info] will contain Hosting assets to be uploaded with firebase deploy. If you
[info] have a build process for your assets, use your build's output directory.
[info] 
[info] +  Wrote public/404.html 
[debug] [2022-10-17T13:42:44.108Z] >>> [apiv2][query] GET https://www.gstatic.com/firebasejs/releases.json [none]
[debug] [2022-10-17T13:42:44.319Z] <<< [apiv2][status] GET https://www.gstatic.com/firebasejs/releases.json 200
[debug] [2022-10-17T13:42:44.319Z] <<< [apiv2][body] GET https://www.gstatic.com/firebasejs/releases.json {"current":{"version":"9.12.1","browserURL":"https://www.gstatic.com/firebasejs/9.12.1/firebase.js","packageURL":"https://www.gstatic.com/firebasejs/9.12.1/firebase.tgz"},"live":{"version":"9.12","browserURL":"https://www.gstatic.com/firebasejs/live/9.12/firebase.js","packageURL":"https://www.gstatic.com/firebasejs/live/9.12/firebase.tgz"},"components":{"analytics":"https://www.gstatic.com/firebasejs/9.12.1/firebase-analytics.js","app":"https://www.gstatic.com/firebasejs/9.12.1/firebase-app.js","app-check":"https://www.gstatic.com/firebasejs/9.12.1/firebase-app-check.js","auth":"https://www.gstatic.com/firebasejs/9.12.1/firebase-auth.js","auth/cordova":"https://www.gstatic.com/firebasejs/9.12.1/firebase-auth/cordova.js","auth/react-native":"https://www.gstatic.com/firebasejs/9.12.1/firebase-auth/react-native.js","functions":"https://www.gstatic.com/firebasejs/9.12.1/firebase-functions.js","firestore":"https://www.gstatic.com/firebasejs/9.12.1/firebase-firestore.js","firestore/lite":"https://www.gstatic.com/firebasejs/9.12.1/firebase-firestore/lite.js","installations":"https://www.gstatic.com/firebasejs/9.12.1/firebase-installations.js","storage":"https://www.gstatic.com/firebasejs/9.12.1/firebase-storage.js","performance":"https://www.gstatic.com/firebasejs/9.12.1/firebase-performance.js","remote-config":"https://www.gstatic.com/firebasejs/9.12.1/firebase-remote-config.js","messaging":"https://www.gstatic.com/firebasejs/9.12.1/firebase-messaging.js","messaging/sw":"https://www.gstatic.com/firebasejs/9.12.1/firebase-messaging/sw.js","database":"https://www.gstatic.com/firebasejs/9.12.1/firebase-database.js","firestore.memory":"https://www.gstatic.com/firebasejs/9.12.1/firebase-firestore.memory.js"}}
[info] i  Skipping write of public/index.html 
[info] 
[info] i  Detected a .git folder at C:\Users\Jiya\Desktop\MERN\reactproject\register-app 
[info] i  Authorizing with GitHub to upload your service account to a GitHub repository's secrets store. 
[info] 
[info] Visit this URL on this device to log in:
[info] https://github.com/login/oauth/authorize?client_id=89cf50f02ac6aaed3484&state=509325094&redirect_uri=http%3A%2F%2Flocalhost%3A9005&scope=read%3Auser%20repo%20public_repo
[info] 
[info] Waiting for authentication...
[debug] [2022-10-17T13:42:54.624Z] >>> [apiv2][query] POST https://github.com/login/oauth/access_token [none]
[debug] [2022-10-17T13:42:54.625Z] >>> [apiv2][body] POST https://github.com/login/oauth/access_token [stream]
[debug] [2022-10-17T13:42:55.166Z] <<< [apiv2][status] POST https://github.com/login/oauth/access_token 200
[debug] [2022-10-17T13:42:55.166Z] <<< [apiv2][body] POST https://github.com/login/oauth/access_token {"access_token":"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","token_type":"bearer","scope":"read:user,repo"}
[debug] [2022-10-17T13:42:55.174Z] >>> [apiv2][query] GET https://api.github.com/user [none]
[debug] [2022-10-17T13:42:56.678Z] <<< [apiv2][status] GET https://api.github.com/user 200
[debug] [2022-10-17T13:42:56.678Z] <<< [apiv2][body] GET https://api.github.com/user {"login":"jiya-arora","id":75024047,"node_id":"MDQ6VXNlcjc1MDI0MDQ3","avatar_url":"https://avatars.githubusercontent.com/u/75024047?v=4","gravatar_id":"","url":"https://api.github.com/users/jiya-arora","html_url":"https://github.com/jiya-arora","followers_url":"https://api.github.com/users/jiya-arora/followers","following_url":"https://api.github.com/users/jiya-arora/following{/other_user}","gists_url":"https://api.github.com/users/jiya-arora/gists{/gist_id}","starred_url":"https://api.github.com/users/jiya-arora/starred{/owner}{/repo}","subscriptions_url":"https://api.github.com/users/jiya-arora/subscriptions","organizations_url":"https://api.github.com/users/jiya-arora/orgs","repos_url":"https://api.github.com/users/jiya-arora/repos","events_url":"https://api.github.com/users/jiya-arora/events{/privacy}","received_events_url":"https://api.github.com/users/jiya-arora/received_events","type":"User","site_admin":false,"name":null,"company":null,"blog":"","location":null,"email":null,"hireable":null,"bio":null,"twitter_username":null,"public_repos":3,"public_gists":0,"followers":0,"following":0,"created_at":"2020-11-25T12:42:28Z","updated_at":"2022-10-13T07:27:03Z","private_gists":0,"total_private_repos":0,"owned_private_repos":0,"disk_usage":308,"collaborators":0,"two_factor_authentication":false,"plan":{"name":"free","space":976562499,"collaborators":0,"private_repos":10000}}
[info] 
[info] +  Success! Logged into GitHub as jiya-arora 
[info] 
